#! /opt/homebrew/Cellar/icarus-verilog/13.0/bin/vvp
:ivl_version "13.0 (stable)" "(v13_0)";
:ivl_delay_selection "TYPICAL";
:vpi_time_precision - 12;
:vpi_module "/opt/homebrew/Cellar/icarus-verilog/13.0/lib/ivl/system.vpi";
:vpi_module "/opt/homebrew/Cellar/icarus-verilog/13.0/lib/ivl/vhdl_sys.vpi";
:vpi_module "/opt/homebrew/Cellar/icarus-verilog/13.0/lib/ivl/vhdl_textio.vpi";
:vpi_module "/opt/homebrew/Cellar/icarus-verilog/13.0/lib/ivl/v2005_math.vpi";
:vpi_module "/opt/homebrew/Cellar/icarus-verilog/13.0/lib/ivl/va_math.vpi";
:vpi_module "/opt/homebrew/Cellar/icarus-verilog/13.0/lib/ivl/v2009.vpi";
S_0x9cec88000 .scope package, "$unit" "$unit" 2 1;
 .timescale 0 0;
S_0x9cec88180 .scope module, "stage_tb" "stage_tb" 3 3;
 .timescale -9 -12;
P_0x1030579b0 .param/l "IN_WIDTH" 0 3 6, +C4<00000000000000000000000000010000>;
P_0x1030579f0 .param/l "STAGE" 0 3 8, +C4<00000000000000000000000000000001>;
P_0x103057a30 .param/l "TWIDDLE_WIDTH" 0 3 7, +C4<00000000000000000000000000010000>;
P_0x103057a70 .param/l "WIDTH" 0 3 5, +C4<00000000000000000000000000010000>;
v0x9cec8d4a0_0 .var "clk", 0 0;
v0x9cec8d540_0 .var/i "i", 31 0;
v0x9cec8d5e0_0 .var/s "in_imag", 15 0;
v0x9cec8d680_0 .var/s "in_real", 15 0;
v0x9cec8d720_0 .net/s "out_imag", 16 0, L_0x9cf060be0;  1 drivers
v0x9cec8d7c0_0 .net/s "out_real", 16 0, L_0x9cf060b40;  1 drivers
v0x9cec8d860_0 .var "rst_n", 0 0;
v0x9cec8d900_0 .var "sample_count", 3 0;
S_0x103057ab0 .scope module, "dut" "stage" 3 30, 4 6 0, S_0x9cec88180;
 .timescale -9 -12;
    .port_info 0 /INPUT 1 "clk";
    .port_info 1 /INPUT 1 "rst_n";
    .port_info 2 /INPUT 16 "in_real";
    .port_info 3 /INPUT 16 "in_imag";
    .port_info 4 /INPUT 4 "sample_count";
    .port_info 5 /OUTPUT 17 "out_real";
    .port_info 6 /OUTPUT 17 "out_imag";
P_0x10304ea20 .param/l "DATA_WIDTH" 1 4 23, +C4<00000000000000000000000000010000>;
P_0x10304ea60 .param/l "DELAY" 1 4 24, +C4<00000000000000000000000000000001000>;
P_0x10304eaa0 .param/l "IN_WIDTH" 0 4 8, +C4<00000000000000000000000000010000>;
P_0x10304eae0 .param/l "SIZE" 1 4 22, +C4<00000000000000000000000000000100>;
P_0x10304eb20 .param/l "STAGE" 0 4 10, +C4<00000000000000000000000000000001>;
P_0x10304eb60 .param/l "TWIDDLE_WIDTH" 0 4 9, +C4<00000000000000000000000000010000>;
P_0x10304eba0 .param/l "WIDTH" 0 4 7, +C4<00000000000000000000000000010000>;
v0x9cec73ca0_0 .net *"_ivl_3", 0 0, L_0x9cf058140;  1 drivers
v0x9cec73d40_0 .net *"_ivl_7", 0 0, L_0x9cf058280;  1 drivers
v0x9cec73de0_0 .net/s "added_imag", 16 0, L_0x9cf058460;  1 drivers
v0x9cec73e80_0 .var/s "added_imag_d1", 16 0;
v0x9cec73f20_0 .var/s "added_imag_d2", 16 0;
v0x9cec8c000_0 .net/s "added_real", 16 0, L_0x9cf0583c0;  1 drivers
v0x9cec8c0a0_0 .var/s "added_real_d1", 16 0;
v0x9cec8c140_0 .var/s "added_real_d2", 16 0;
v0x9cec8c1e0_0 .net "angle_idx", 2 0, L_0x9cf0586e0;  1 drivers
v0x9cec8c280_0 .net "clk", 0 0, v0x9cec8d4a0_0;  1 drivers
v0x9cec8c320_0 .net/s "delay_in_imag", 16 0, L_0x9cf060aa0;  1 drivers
v0x9cec8c3c0_0 .net/s "delay_in_real", 16 0, L_0x9cf060a00;  1 drivers
v0x9cec8c460_0 .net/s "delayed_imag", 16 0, v0x9cec71ae0_0;  1 drivers
v0x9cec8c500_0 .net/s "delayed_real", 16 0, v0x9cec70dc0_0;  1 drivers
L_0x9ce864010 .functor BUFT 1, C4<1>, C4<0>, C4<0>, C4<0>;
v0x9cec8c5a0_0 .net "done", 0 0, L_0x9ce864010;  1 drivers
v0x9cec8c640_0 .net/s "in_imag", 15 0, v0x9cec8d5e0_0;  1 drivers
v0x9cec8c6e0_0 .net/s "in_imag_ext", 16 0, L_0x9cf058320;  1 drivers
v0x9cec8c780_0 .net/s "in_real", 15 0, v0x9cec8d680_0;  1 drivers
v0x9cec8c820_0 .net/s "in_real_ext", 16 0, L_0x9cf0581e0;  1 drivers
v0x9cec8c8c0_0 .net/s "multiplied_imag", 16 0, v0x9cec730c0_0;  1 drivers
v0x9cec8c960_0 .net/s "multiplied_real", 16 0, v0x9cec73160_0;  1 drivers
v0x9cec8ca00_0 .net/s "out_imag", 16 0, L_0x9cf060be0;  alias, 1 drivers
v0x9cec8caa0_0 .net/s "out_real", 16 0, L_0x9cf060b40;  alias, 1 drivers
v0x9cec8cb40_0 .net/s "raw_added_imag", 17 0, v0x9cec70fa0_0;  1 drivers
v0x9cec8cbe0_0 .net/s "raw_added_real", 17 0, v0x9cec71040_0;  1 drivers
v0x9cec8cc80_0 .net/s "raw_sub_imag", 17 0, v0x9cec71900_0;  1 drivers
v0x9cec8cd20_0 .net/s "raw_sub_real", 17 0, v0x9cec719a0_0;  1 drivers
v0x9cec8cdc0_0 .net "rst_n", 0 0, v0x9cec8d860_0;  1 drivers
v0x9cec8ce60_0 .net "sample_count", 3 0, v0x9cec8d900_0;  1 drivers
v0x9cec8cf00_0 .net/s "subtracted_imag", 16 0, L_0x9cf0585a0;  1 drivers
v0x9cec8cfa0_0 .net/s "subtracted_real", 16 0, L_0x9cf058500;  1 drivers
v0x9cec8d040_0 .net "switch", 0 0, L_0x9cf058640;  1 drivers
v0x9cec8d0e0_0 .var "switch_d1", 0 0;
v0x9cec8d180_0 .var "switch_d2", 0 0;
v0x9cec8d220_0 .var "switch_d3", 0 0;
v0x9cec8d2c0_0 .var "switch_d4", 0 0;
v0x9cec8d360_0 .net/s "twiddle_imag", 15 0, v0x9cec73b60_0;  1 drivers
v0x9cec8d400_0 .net/s "twiddle_real", 15 0, v0x9cec73c00_0;  1 drivers
L_0x9cf058140 .part v0x9cec8d680_0, 15, 1;
L_0x9cf0581e0 .concat [ 16 1 0 0], v0x9cec8d680_0, L_0x9cf058140;
L_0x9cf058280 .part v0x9cec8d5e0_0, 15, 1;
L_0x9cf058320 .concat [ 16 1 0 0], v0x9cec8d5e0_0, L_0x9cf058280;
L_0x9cf0583c0 .part v0x9cec71040_0, 0, 17;
L_0x9cf058460 .part v0x9cec70fa0_0, 0, 17;
L_0x9cf058500 .part v0x9cec719a0_0, 0, 17;
L_0x9cf0585a0 .part v0x9cec71900_0, 0, 17;
L_0x9cf058640 .part v0x9cec8d900_0, 3, 1;
L_0x9cf0586e0 .part v0x9cec8d900_0, 0, 3;
L_0x9cf060a00 .functor MUXZ 17, L_0x9cf0581e0, v0x9cec73160_0, v0x9cec8d2c0_0, C4<>;
L_0x9cf060aa0 .functor MUXZ 17, L_0x9cf058320, v0x9cec730c0_0, v0x9cec8d2c0_0, C4<>;
L_0x9cf060b40 .functor MUXZ 17, v0x9cec70dc0_0, v0x9cec8c140_0, v0x9cec8d2c0_0, C4<>;
L_0x9cf060be0 .functor MUXZ 17, v0x9cec71ae0_0, v0x9cec73f20_0, v0x9cec8d2c0_0, C4<>;
S_0x103058f30 .scope module, "addsub_inst" "add_sub" 4 108, 5 1 0, S_0x103057ab0;
 .timescale -9 -12;
    .port_info 0 /INPUT 1 "clk";
    .port_info 1 /INPUT 17 "in1_real";
    .port_info 2 /INPUT 17 "in1_imag";
    .port_info 3 /INPUT 17 "in2_real";
    .port_info 4 /INPUT 17 "in2_imag";
    .port_info 5 /OUTPUT 18 "out1_real";
    .port_info 6 /OUTPUT 18 "out1_imag";
    .port_info 7 /OUTPUT 18 "out2_real";
    .port_info 8 /OUTPUT 18 "out2_imag";
P_0x9cec02400 .param/l "DATA_WIDTH" 0 5 2, +C4<000000000000000000000000000010001>;
v0x9cec71e00_0 .var/s "a_imag", 16 0;
v0x9cec71ea0_0 .var/s "a_real", 16 0;
v0x9cec71f40_0 .var/s "b_imag", 16 0;
v0x9cec71fe0_0 .var/s "b_real", 16 0;
v0x9cec71b80_0 .net "clk", 0 0, v0x9cec8d4a0_0;  alias, 1 drivers
v0x9cec71c20_0 .net/s "in1_imag", 16 0, v0x9cec71ae0_0;  alias, 1 drivers
v0x9cec71cc0_0 .net/s "in1_real", 16 0, v0x9cec70dc0_0;  alias, 1 drivers
v0x9cec71d60_0 .net/s "in2_imag", 16 0, L_0x9cf058320;  alias, 1 drivers
v0x9cec70f00_0 .net/s "in2_real", 16 0, L_0x9cf0581e0;  alias, 1 drivers
v0x9cec70fa0_0 .var/s "out1_imag", 17 0;
v0x9cec71040_0 .var/s "out1_real", 17 0;
v0x9cec71900_0 .var/s "out2_imag", 17 0;
v0x9cec719a0_0 .var/s "out2_real", 17 0;
E_0x9cf022400 .event posedge, v0x9cec71b80_0;
S_0x103054ec0 .scope module, "buff_inst" "buffer" 4 98, 6 1 0, S_0x103057ab0;
 .timescale -9 -12;
    .port_info 0 /INPUT 1 "clk";
    .port_info 1 /INPUT 1 "nrst";
    .port_info 2 /INPUT 17 "in_real";
    .port_info 3 /INPUT 17 "in_imag";
    .port_info 4 /OUTPUT 17 "delayed_real";
    .port_info 5 /OUTPUT 17 "delayed_imag";
P_0x103057c30 .param/l "DATA_WIDTH" 0 6 2, +C4<000000000000000000000000000010001>;
P_0x103057c70 .param/l "DEPTH" 0 6 3, +C4<00000000000000000000000000000001000>;
P_0x103057cb0 .param/l "PTR_LEN" 1 6 15, +C4<00000000000000000000000000000011>;
v0x9cec71a40_0 .net "clk", 0 0, v0x9cec8d4a0_0;  alias, 1 drivers
v0x9cec71ae0_0 .var/s "delayed_imag", 16 0;
v0x9cec70dc0_0 .var/s "delayed_real", 16 0;
v0x9cec72080_0 .var/i "i", 31 0;
v0x9cec72120_0 .net/s "in_imag", 16 0, L_0x9cf060aa0;  alias, 1 drivers
v0x9cec721c0_0 .net/s "in_real", 16 0, L_0x9cf060a00;  alias, 1 drivers
v0x9cec72260 .array/s "mem_imag", 7 0, 16 0;
v0x9cec72300 .array/s "mem_real", 7 0, 16 0;
v0x9cec723a0_0 .net "nrst", 0 0, v0x9cec8d860_0;  alias, 1 drivers
v0x9cec72440_0 .var "ptr", 2 0;
E_0x9cf022500/0 .event negedge, v0x9cec723a0_0;
E_0x9cf022500/1 .event posedge, v0x9cec71b80_0;
E_0x9cf022500 .event/or E_0x9cf022500/0, E_0x9cf022500/1;
S_0x103055040 .scope module, "cmplx_mult_inst" "complex_multiply" 4 135, 7 1 0, S_0x103057ab0;
 .timescale -9 -12;
    .port_info 0 /INPUT 1 "clk";
    .port_info 1 /INPUT 1 "rst_n";
    .port_info 2 /INPUT 16 "mul1_real";
    .port_info 3 /INPUT 16 "mul1_imag";
    .port_info 4 /INPUT 17 "mul2_real";
    .port_info 5 /INPUT 17 "mul2_imag";
    .port_info 6 /OUTPUT 17 "out_real";
    .port_info 7 /OUTPUT 17 "out_imag";
P_0x1030585a0 .param/l "FFT_WIDTH" 0 7 2, +C4<000000000000000000000000000010001>;
P_0x1030585e0 .param/l "PROD_WIDTH" 1 7 18, +C4<0000000000000000000000000000100001>;
P_0x103058620 .param/l "SUM_WIDTH" 1 7 19, +C4<00000000000000000000000000000100010>;
P_0x103058660 .param/l "TWIDDLE_WIDTH" 0 7 3, +C4<00000000000000000000000000010000>;
v0x9cec724e0_0 .net *"_ivl_11", 33 0, L_0x9cf058960;  1 drivers
v0x9cec72580_0 .net *"_ivl_15", 0 0, L_0x9cf058aa0;  1 drivers
v0x9cec72620_0 .net *"_ivl_16", 33 0, L_0x9cf058b40;  1 drivers
v0x9cec726c0_0 .net *"_ivl_18", 33 0, L_0x9cf058b40;  alias, 1 drivers
v0x9cec72760_0 .net *"_ivl_20", 0 0, L_0x9cf058be0;  1 drivers
v0x9cec72800_0 .net *"_ivl_21", 33 0, L_0x9cf058c80;  1 drivers
v0x9cec728a0_0 .net *"_ivl_23", 33 0, L_0x9cf058c80;  alias, 1 drivers
v0x9cec72940_0 .net *"_ivl_3", 0 0, L_0x9cf058780;  1 drivers
v0x9cec729e0_0 .net *"_ivl_4", 33 0, L_0x9cf058820;  1 drivers
v0x9cec72a80_0 .net *"_ivl_6", 33 0, L_0x9cf058820;  alias, 1 drivers
v0x9cec72b20_0 .net *"_ivl_8", 0 0, L_0x9cf0588c0;  1 drivers
v0x9cec72bc0_0 .net *"_ivl_9", 33 0, L_0x9cf058960;  alias, 1 drivers
v0x9cec72c60_0 .net "clk", 0 0, v0x9cec8d4a0_0;  alias, 1 drivers
L_0x9ce864058 .functor BUFT 1, C4<0>, C4<0>, C4<0>, C4<0>;
v0x9cec72d00_0 .net "done", 0 0, L_0x9ce864058;  1 drivers
v0x9cec72da0_0 .net/s "imag_full", 33 0, L_0x9cf058d20;  1 drivers
v0x9cec72e40_0 .net/s "mul1_imag", 15 0, v0x9cec73b60_0;  alias, 1 drivers
v0x9cec72ee0_0 .net/s "mul1_real", 15 0, v0x9cec73c00_0;  alias, 1 drivers
v0x9cec72f80_0 .net/s "mul2_imag", 16 0, L_0x9cf0585a0;  alias, 1 drivers
v0x9cec73020_0 .net/s "mul2_real", 16 0, L_0x9cf058500;  alias, 1 drivers
v0x9cec730c0_0 .var/s "out_imag", 16 0;
v0x9cec73160_0 .var/s "out_real", 16 0;
v0x9cec73200_0 .var/s "pii", 32 0;
v0x9cec732a0_0 .var/s "pir", 32 0;
v0x9cec73340_0 .var/s "pri", 32 0;
v0x9cec733e0_0 .var/s "prr", 32 0;
v0x9cec73480_0 .net/s "real_full", 33 0, L_0x9cf058a00;  1 drivers
v0x9cec73520_0 .net "rst_n", 0 0, v0x9cec8d860_0;  alias, 1 drivers
L_0x9cf058780 .part v0x9cec733e0_0, 32, 1;
L_0x9cf058820 .concat [ 33 1 0 0], v0x9cec733e0_0, L_0x9cf058780;
L_0x9cf0588c0 .part v0x9cec73200_0, 32, 1;
L_0x9cf058960 .concat [ 33 1 0 0], v0x9cec73200_0, L_0x9cf0588c0;
L_0x9cf058a00 .arith/sub 34, L_0x9cf058820, L_0x9cf058960;
L_0x9cf058aa0 .part v0x9cec73340_0, 32, 1;
L_0x9cf058b40 .concat [ 33 1 0 0], v0x9cec73340_0, L_0x9cf058aa0;
L_0x9cf058be0 .part v0x9cec732a0_0, 32, 1;
L_0x9cf058c80 .concat [ 33 1 0 0], v0x9cec732a0_0, L_0x9cf058be0;
L_0x9cf058d20 .arith/sum 34, L_0x9cf058b40, L_0x9cf058c80;
S_0x103056fa0 .scope module, "twiddle_inst" "twiddle_factors" 4 122, 8 1 0, S_0x103057ab0;
 .timescale -9 -12;
    .port_info 0 /INPUT 1 "clk";
    .port_info 1 /INPUT 1 "rst_n";
    .port_info 2 /INPUT 1 "done";
    .port_info 3 /INPUT 3 "angle_idx";
    .port_info 4 /OUTPUT 16 "twiddle_real";
    .port_info 5 /OUTPUT 16 "twiddle_imag";
P_0x103057120 .param/l "QUARTER_WIDTH" 1 8 15, +C4<00000000000000000000000000000100>;
P_0x103057160 .param/l "SIZE" 1 8 14, +C4<00000000000000000000000000000100>;
P_0x1030571a0 .param/l "TWIDDLE_WIDTH" 0 8 3, +C4<00000000000000000000000000010000>;
P_0x1030571e0 .param/l "WIDTH" 0 8 2, +C4<00000000000000000000000000010000>;
v0x9cec735c0_0 .net "angle_idx", 2 0, L_0x9cf0586e0;  alias, 1 drivers
v0x9cec73660_0 .net "clk", 0 0, v0x9cec8d4a0_0;  alias, 1 drivers
v0x9cec73700_0 .net "done", 0 0, L_0x9ce864010;  alias, 1 drivers
v0x9cec737a0_0 .var/s "raw_i", 15 0;
v0x9cec73840_0 .var/s "raw_r", 15 0;
v0x9cec738e0 .array/s "rom_imag", 3 0, 15 0;
v0x9cec73980 .array/s "rom_real", 3 0, 15 0;
v0x9cec73a20_0 .net "rst_n", 0 0, v0x9cec8d860_0;  alias, 1 drivers
v0x9cec73ac0_0 .var "swap_flag", 0 0;
v0x9cec73b60_0 .var/s "twiddle_imag", 15 0;
v0x9cec73c00_0 .var/s "twiddle_real", 15 0;
    .scope S_0x103054ec0;
T_0 ;
    %wait E_0x9cf022500;
    %load/vec4 v0x9cec723a0_0;
    %nor/r;
    %flag_set/vec4 8;
    %jmp/0xz  T_0.0, 8;
    %pushi/vec4 0, 0, 17;
    %assign/vec4 v0x9cec70dc0_0, 0;
    %pushi/vec4 0, 0, 17;
    %assign/vec4 v0x9cec71ae0_0, 0;
    %pushi/vec4 0, 0, 3;
    %assign/vec4 v0x9cec72440_0, 0;
    %pushi/vec4 0, 0, 32;
    %store/vec4 v0x9cec72080_0, 0, 32;
T_0.2 ; Top of for-loop
    %load/vec4 v0x9cec72080_0;
    %pad/s 35;
    %cmpi/s 8, 0, 35;
	  %jmp/0xz T_0.3, 5;
    %pushi/vec4 0, 0, 17;
    %ix/getv/s 3, v0x9cec72080_0;
    %ix/load 4, 0, 0; Constant delay
    %assign/vec4/a/d v0x9cec72300, 0, 4;
    %pushi/vec4 0, 0, 17;
    %ix/getv/s 3, v0x9cec72080_0;
    %ix/load 4, 0, 0; Constant delay
    %assign/vec4/a/d v0x9cec72260, 0, 4;
T_0.4 ; for-loop step statement
    %load/vec4 v0x9cec72080_0;
    %addi 1, 0, 32;
    %store/vec4 v0x9cec72080_0, 0, 32;
    %jmp T_0.2;
T_0.3 ; for-loop exit label
    %jmp T_0.1;
T_0.0 ;
    %load/vec4 v0x9cec72440_0;
    %pad/u 5;
    %ix/vec4 4;
    %load/vec4a v0x9cec72300, 4;
    %assign/vec4 v0x9cec70dc0_0, 0;
    %load/vec4 v0x9cec72440_0;
    %pad/u 5;
    %ix/vec4 4;
    %load/vec4a v0x9cec72260, 4;
    %assign/vec4 v0x9cec71ae0_0, 0;
    %load/vec4 v0x9cec721c0_0;
    %load/vec4 v0x9cec72440_0;
    %pad/u 5;
    %ix/vec4 3;
    %ix/load 4, 0, 0; Constant delay
    %assign/vec4/a/d v0x9cec72300, 0, 4;
    %load/vec4 v0x9cec72120_0;
    %load/vec4 v0x9cec72440_0;
    %pad/u 5;
    %ix/vec4 3;
    %ix/load 4, 0, 0; Constant delay
    %assign/vec4/a/d v0x9cec72260, 0, 4;
    %load/vec4 v0x9cec72440_0;
    %addi 1, 0, 3;
    %assign/vec4 v0x9cec72440_0, 0;
T_0.1 ;
    %jmp T_0;
    .thread T_0;
    .scope S_0x103058f30;
T_1 ;
    %wait E_0x9cf022400;
    %load/vec4 v0x9cec71cc0_0;
    %assign/vec4 v0x9cec71ea0_0, 0;
    %load/vec4 v0x9cec71c20_0;
    %assign/vec4 v0x9cec71e00_0, 0;
    %load/vec4 v0x9cec70f00_0;
    %assign/vec4 v0x9cec71fe0_0, 0;
    %load/vec4 v0x9cec71d60_0;
    %assign/vec4 v0x9cec71f40_0, 0;
    %jmp T_1;
    .thread T_1;
    .scope S_0x103058f30;
T_2 ;
    %wait E_0x9cf022400;
    %load/vec4 v0x9cec71ea0_0;
    %pad/s 18;
    %load/vec4 v0x9cec71fe0_0;
    %pad/s 18;
    %add;
    %assign/vec4 v0x9cec71040_0, 0;
    %load/vec4 v0x9cec71e00_0;
    %pad/s 18;
    %load/vec4 v0x9cec71f40_0;
    %pad/s 18;
    %add;
    %assign/vec4 v0x9cec70fa0_0, 0;
    %load/vec4 v0x9cec71ea0_0;
    %pad/s 18;
    %load/vec4 v0x9cec71fe0_0;
    %pad/s 18;
    %sub;
    %assign/vec4 v0x9cec719a0_0, 0;
    %load/vec4 v0x9cec71e00_0;
    %pad/s 18;
    %load/vec4 v0x9cec71f40_0;
    %pad/s 18;
    %sub;
    %assign/vec4 v0x9cec71900_0, 0;
    %jmp T_2;
    .thread T_2;
    .scope S_0x103056fa0;
T_3 ;
    %vpi_call/w 8 24 "$readmemh", "data/fft/twiddles_real.hex", v0x9cec73980 {0 0 0};
    %vpi_call/w 8 25 "$readmemh", "data/fft/twiddles_imag.hex", v0x9cec738e0 {0 0 0};
    %end;
    .thread T_3;
    .scope S_0x103056fa0;
T_4 ;
    %wait E_0x9cf022400;
    %load/vec4 v0x9cec735c0_0;
    %parti/s 2, 0, 2;
    %pad/u 4;
    %ix/vec4 4;
    %load/vec4a v0x9cec73980, 4;
    %assign/vec4 v0x9cec73840_0, 0;
    %load/vec4 v0x9cec735c0_0;
    %parti/s 2, 0, 2;
    %pad/u 4;
    %ix/vec4 4;
    %load/vec4a v0x9cec738e0, 4;
    %assign/vec4 v0x9cec737a0_0, 0;
    %load/vec4 v0x9cec735c0_0;
    %parti/s 1, 2, 3;
    %assign/vec4 v0x9cec73ac0_0, 0;
    %jmp T_4;
    .thread T_4;
    .scope S_0x103056fa0;
T_5 ;
    %wait E_0x9cf022500;
    %load/vec4 v0x9cec73a20_0;
    %nor/r;
    %flag_set/vec4 8;
    %jmp/0xz  T_5.0, 8;
    %pushi/vec4 0, 0, 16;
    %assign/vec4 v0x9cec73c00_0, 0;
    %pushi/vec4 0, 0, 16;
    %assign/vec4 v0x9cec73b60_0, 0;
    %jmp T_5.1;
T_5.0 ;
    %load/vec4 v0x9cec73700_0;
    %flag_set/vec4 8;
    %jmp/0xz  T_5.2, 8;
    %load/vec4 v0x9cec73ac0_0;
    %flag_set/vec4 8;
    %jmp/0xz  T_5.4, 8;
    %load/vec4 v0x9cec737a0_0;
    %assign/vec4 v0x9cec73c00_0, 0;
    %load/vec4 v0x9cec73840_0;
    %inv;
    %addi 1, 0, 16;
    %assign/vec4 v0x9cec73b60_0, 0;
    %jmp T_5.5;
T_5.4 ;
    %load/vec4 v0x9cec73840_0;
    %assign/vec4 v0x9cec73c00_0, 0;
    %load/vec4 v0x9cec737a0_0;
    %assign/vec4 v0x9cec73b60_0, 0;
T_5.5 ;
T_5.2 ;
T_5.1 ;
    %jmp T_5;
    .thread T_5;
    .scope S_0x103055040;
T_6 ;
    %wait E_0x9cf022500;
    %load/vec4 v0x9cec73520_0;
    %nor/r;
    %flag_set/vec4 8;
    %jmp/0xz  T_6.0, 8;
    %pushi/vec4 0, 0, 33;
    %assign/vec4 v0x9cec733e0_0, 0;
    %pushi/vec4 0, 0, 33;
    %assign/vec4 v0x9cec73200_0, 0;
    %pushi/vec4 0, 0, 33;
    %assign/vec4 v0x9cec73340_0, 0;
    %pushi/vec4 0, 0, 33;
    %assign/vec4 v0x9cec732a0_0, 0;
    %jmp T_6.1;
T_6.0 ;
    %load/vec4 v0x9cec72ee0_0;
    %pad/s 33;
    %load/vec4 v0x9cec73020_0;
    %pad/s 33;
    %mul;
    %assign/vec4 v0x9cec733e0_0, 0;
    %load/vec4 v0x9cec72e40_0;
    %pad/s 33;
    %load/vec4 v0x9cec72f80_0;
    %pad/s 33;
    %mul;
    %assign/vec4 v0x9cec73200_0, 0;
    %load/vec4 v0x9cec72ee0_0;
    %pad/s 33;
    %load/vec4 v0x9cec72f80_0;
    %pad/s 33;
    %mul;
    %assign/vec4 v0x9cec73340_0, 0;
    %load/vec4 v0x9cec72e40_0;
    %pad/s 33;
    %load/vec4 v0x9cec73020_0;
    %pad/s 33;
    %mul;
    %assign/vec4 v0x9cec732a0_0, 0;
T_6.1 ;
    %jmp T_6;
    .thread T_6;
    .scope S_0x103055040;
T_7 ;
    %wait E_0x9cf022500;
    %load/vec4 v0x9cec73520_0;
    %nor/r;
    %flag_set/vec4 8;
    %jmp/0xz  T_7.0, 8;
    %pushi/vec4 0, 0, 17;
    %assign/vec4 v0x9cec73160_0, 0;
    %pushi/vec4 0, 0, 17;
    %assign/vec4 v0x9cec730c0_0, 0;
    %jmp T_7.1;
T_7.0 ;
    %load/vec4 v0x9cec73480_0;
    %ix/load 4, 15, 0;
    %flag_set/imm 4, 0;
    %shiftr/s 4;
    %pad/s 17;
    %assign/vec4 v0x9cec73160_0, 0;
    %load/vec4 v0x9cec72da0_0;
    %ix/load 4, 15, 0;
    %flag_set/imm 4, 0;
    %shiftr/s 4;
    %pad/s 17;
    %assign/vec4 v0x9cec730c0_0, 0;
T_7.1 ;
    %jmp T_7;
    .thread T_7;
    .scope S_0x103057ab0;
T_8 ;
    %wait E_0x9cf022500;
    %load/vec4 v0x9cec8cdc0_0;
    %nor/r;
    %flag_set/vec4 8;
    %jmp/0xz  T_8.0, 8;
    %pushi/vec4 0, 0, 1;
    %assign/vec4 v0x9cec8d0e0_0, 0;
    %pushi/vec4 0, 0, 1;
    %assign/vec4 v0x9cec8d180_0, 0;
    %pushi/vec4 0, 0, 1;
    %assign/vec4 v0x9cec8d220_0, 0;
    %pushi/vec4 0, 0, 1;
    %assign/vec4 v0x9cec8d2c0_0, 0;
    %jmp T_8.1;
T_8.0 ;
    %load/vec4 v0x9cec8d040_0;
    %assign/vec4 v0x9cec8d0e0_0, 0;
    %load/vec4 v0x9cec8d0e0_0;
    %assign/vec4 v0x9cec8d180_0, 0;
    %load/vec4 v0x9cec8d180_0;
    %assign/vec4 v0x9cec8d220_0, 0;
    %load/vec4 v0x9cec8d220_0;
    %assign/vec4 v0x9cec8d2c0_0, 0;
T_8.1 ;
    %jmp T_8;
    .thread T_8;
    .scope S_0x103057ab0;
T_9 ;
    %wait E_0x9cf022500;
    %load/vec4 v0x9cec8cdc0_0;
    %nor/r;
    %flag_set/vec4 8;
    %jmp/0xz  T_9.0, 8;
    %pushi/vec4 0, 0, 17;
    %assign/vec4 v0x9cec8c0a0_0, 0;
    %pushi/vec4 0, 0, 17;
    %assign/vec4 v0x9cec8c140_0, 0;
    %pushi/vec4 0, 0, 17;
    %assign/vec4 v0x9cec73e80_0, 0;
    %pushi/vec4 0, 0, 17;
    %assign/vec4 v0x9cec73f20_0, 0;
    %jmp T_9.1;
T_9.0 ;
    %load/vec4 v0x9cec8c000_0;
    %assign/vec4 v0x9cec8c0a0_0, 0;
    %load/vec4 v0x9cec8c0a0_0;
    %assign/vec4 v0x9cec8c140_0, 0;
    %load/vec4 v0x9cec73de0_0;
    %assign/vec4 v0x9cec73e80_0, 0;
    %load/vec4 v0x9cec73e80_0;
    %assign/vec4 v0x9cec73f20_0, 0;
T_9.1 ;
    %jmp T_9;
    .thread T_9;
    .scope S_0x9cec88180;
T_10 ;
    %pushi/vec4 0, 0, 1;
    %store/vec4 v0x9cec8d4a0_0, 0, 1;
    %end;
    .thread T_10;
    .scope S_0x9cec88180;
T_11 ;
    %delay 5000, 0;
    %load/vec4 v0x9cec8d4a0_0;
    %inv;
    %store/vec4 v0x9cec8d4a0_0, 0, 1;
    %jmp T_11;
    .thread T_11;
    .scope S_0x9cec88180;
T_12 ;
    %vpi_call/w 3 53 "$dumpfile", "stage_tb.vcd" {0 0 0};
    %vpi_call/w 3 54 "$dumpvars", 32'sb00000000000000000000000000000000, S_0x9cec88180 {0 0 0};
    %vpi_call/w 3 55 "$display", "Dumping waves to stage_tb.vcd" {0 0 0};
    %end;
    .thread T_12;
    .scope S_0x9cec88180;
T_13 ;
    %wait E_0x9cf022400;
    %load/vec4 v0x9cec8d860_0;
    %flag_set/vec4 8;
    %jmp/0xz  T_13.0, 8;
    %vpi_call/w 3 64 "$display", "T=%0t  cnt=%0d  in=(%0d,%0d)  out=(%0d,%0d)", $time, v0x9cec8d900_0, v0x9cec8d680_0, v0x9cec8d5e0_0, v0x9cec8d7c0_0, v0x9cec8d720_0 {0 0 0};
T_13.0 ;
    %jmp T_13;
    .thread T_13;
    .scope S_0x9cec88180;
T_14 ;
    %pushi/vec4 0, 0, 1;
    %store/vec4 v0x9cec8d860_0, 0, 1;
    %pushi/vec4 0, 0, 16;
    %store/vec4 v0x9cec8d680_0, 0, 16;
    %pushi/vec4 0, 0, 16;
    %store/vec4 v0x9cec8d5e0_0, 0, 16;
    %pushi/vec4 0, 0, 4;
    %store/vec4 v0x9cec8d900_0, 0, 4;
    %pushi/vec4 5, 0, 32;
T_14.0 %dup/vec4;
    %cmpi/s 0, 0, 32;
    %jmp/1xz T_14.1, 5;
    %jmp/1 T_14.1, 4;
    %subi 1, 0, 32;
    %wait E_0x9cf022400;
    %jmp T_14.0;
T_14.1 ;
    %pop/vec4 1;
    %pushi/vec4 1, 0, 1;
    %store/vec4 v0x9cec8d860_0, 0, 1;
    %pushi/vec4 0, 0, 32;
    %store/vec4 v0x9cec8d540_0, 0, 32;
T_14.2 ; Top of for-loop
    %load/vec4 v0x9cec8d540_0;
    %cmpi/s 16, 0, 32;
	  %jmp/0xz T_14.3, 5;
    %wait E_0x9cf022400;
    %load/vec4 v0x9cec8d540_0;
    %pad/s 4;
    %assign/vec4 v0x9cec8d900_0, 0;
    %load/vec4 v0x9cec8d540_0;
    %pad/s 16;
    %assign/vec4 v0x9cec8d680_0, 0;
    %pushi/vec4 0, 0, 16;
    %assign/vec4 v0x9cec8d5e0_0, 0;
T_14.4 ; for-loop step statement
    %load/vec4 v0x9cec8d540_0;
    %addi 1, 0, 32;
    %store/vec4 v0x9cec8d540_0, 0, 32;
    %jmp T_14.2;
T_14.3 ; for-loop exit label
    %pushi/vec4 20, 0, 32;
T_14.5 %dup/vec4;
    %cmpi/s 0, 0, 32;
    %jmp/1xz T_14.6, 5;
    %jmp/1 T_14.6, 4;
    %subi 1, 0, 32;
    %wait E_0x9cf022400;
    %load/vec4 v0x9cec8d900_0;
    %addi 1, 0, 4;
    %assign/vec4 v0x9cec8d900_0, 0;
    %pushi/vec4 0, 0, 16;
    %assign/vec4 v0x9cec8d680_0, 0;
    %pushi/vec4 0, 0, 16;
    %assign/vec4 v0x9cec8d5e0_0, 0;
    %jmp T_14.5;
T_14.6 ;
    %pop/vec4 1;
    %vpi_call/w 3 110 "$finish" {0 0 0};
    %end;
    .thread T_14;
# The file index is used to find the file name in the following table.
:file_names 9;
    "N/A";
    "<interactive>";
    "-";
    "tesbench.v";
    "stage.v";
    "./add_sub.v";
    "./buffers.v";
    "./complex_multiply.v";
    "./twiddle_fetch.v";
